<?xml version="1.0" encoding="UTF-8"?>
<!-- Generated by org.testng.reporters.JUnitXMLReporter -->
<testsuite ignored="0" hostname="DESKTOP-VL2N6EH" failures="0" tests="2" name="Default test" time="89.21" errors="0" timestamp="2020-03-02T20:57:50 IST">
  <testcase classname="Day_007_TestNG_DataProvider_Lab3.TC02_Login_NonStatic_Paarameters" name="Login_Test" time="44.198"/>
  <testcase classname="Day_007_TestNG_DataProvider_Lab3.TC02_Login_NonStatic_Paarameters" name="Login_Test" time="43.142"/>
</testsuite> <!-- Default test -->
